MIF/HEX Update report for StackMachine_sim
Fri Oct 25 23:48:41 2019
Quartus Prime Version 18.0.0 Build 614 04/24/2018 SJ Standard Edition


---------------------
; Table of Contents ;
---------------------
  1. Legal Notice
  2. MIF/HEX Update Summary
  3. MIF/HEX Update Processed Files
  4. MIF/HEX Update Messages



----------------
; Legal Notice ;
----------------
Copyright (C) 2018  Intel Corporation. All rights reserved.
Your use of Intel Corporation's design tools, logic functions 
and other software and tools, and its AMPP partner logic 
functions, and any output files from any of the foregoing 
(including device programming or simulation files), and any 
associated documentation or information are expressly subject 
to the terms and conditions of the Intel Program License 
Subscription Agreement, the Intel Quartus Prime License Agreement,
the Intel FPGA IP License Agreement, or other applicable license
agreement, including, without limitation, that your use is for
the sole purpose of programming logic devices manufactured by
Intel and sold by Intel or its authorized distributors.  Please
refer to the applicable agreement for further details.



+---------------------------------------------------------------+
; MIF/HEX Update Summary                                        ;
+-----------------------+---------------------------------------+
; MIF/HEX Update Status ; Successful - Fri Oct 25 23:48:41 2019 ;
; Revision Name         ; StackMachine_sim                      ;
; Top-level Entity Name ; StackMachine_sim                      ;
; Family                ; Cyclone V                             ;
; Device                ; 5CGXFC7C7F23C8                        ;
+-----------------------+---------------------------------------+


+------------------------------------------------------------------------------------------+
; MIF/HEX Update Processed Files                                                           ;
+------------------------------------------------------------------------------------------+
; File Name                                                                                ;
+------------------------------------------------------------------------------------------+
; /tools/s4asm/build-s4asm-desktop_x86_windows_msvc2015_pe_32bit-release/release/timer.mif ;
+------------------------------------------------------------------------------------------+


+-------------------------+
; MIF/HEX Update Messages ;
+-------------------------+
Info: *******************************************************************
Info: Running Quartus Prime MIF/HEX Update
    Info: Version 18.0.0 Build 614 04/24/2018 SJ Standard Edition
    Info: Processing started: Fri Oct 25 23:48:36 2019
Info: Command: quartus_cdb StackMachine_sim -c StackMachine_sim --update_mif
Warning (18236): Number of processors has not been specified which may cause overloading on shared machines.  Set the global assignment NUM_PARALLEL_PROCESSORS in your QSF to an appropriate value for best performance.
Critical Warning (127005): Memory depth (4096) in the design file differs from memory depth (512) in the Memory Initialization File "/tools/s4asm/build-s4asm-desktop_x86_windows_msvc2015_pe_32bit-release/release/timer.mif" -- setting initial value for remaining addresses to 0
Info (39024): Processed the following Memory Initialization File(s)
    Info (39025): Processed Memory Initialization File /tools/s4asm/build-s4asm-desktop_x86_windows_msvc2015_pe_32bit-release/release/timer.mif File: /tools/s4asm/build-s4asm-desktop_x86_windows_msvc2015_pe_32bit-release/release/timer.mif Line: 0
Info: Quartus Prime MIF/HEX Update was successful. 0 errors, 2 warnings
    Info: Peak virtual memory: 738 megabytes
    Info: Processing ended: Fri Oct 25 23:48:41 2019
    Info: Elapsed time: 00:00:05
    Info: Total CPU time (on all processors): 00:00:05


