Flow report for StackMachine_sim
Mon Dec 05 17:27:17 2022
Quartus Prime Version 20.1.0 Build 711 06/05/2020 SJ Lite Edition


---------------------
; Table of Contents ;
---------------------
  1. Legal Notice
  2. Flow Summary
  3. Flow Settings
  4. Flow Non-Default Global Settings
  5. Flow Elapsed Time
  6. Flow OS Summary
  7. Flow Log
  8. Flow Messages
  9. Flow Suppressed Messages



----------------
; Legal Notice ;
----------------
Copyright (C) 2020  Intel Corporation. All rights reserved.
Your use of Intel Corporation's design tools, logic functions 
and other software and tools, and any partner logic 
functions, and any output files from any of the foregoing 
(including device programming or simulation files), and any 
associated documentation or information are expressly subject 
to the terms and conditions of the Intel Program License 
Subscription Agreement, the Intel Quartus Prime License Agreement,
the Intel FPGA IP License Agreement, or other applicable license
agreement, including, without limitation, that your use is for
the sole purpose of programming logic devices manufactured by
Intel and sold by Intel or its authorized distributors.  Please
refer to the applicable agreement for further details, at
https://fpgasoftware.intel.com/eula.



+-------------------------------------------------------------------------------+
; Flow Summary                                                                  ;
+---------------------------------+---------------------------------------------+
; Flow Status                     ; Successful - Mon Dec 05 17:27:17 2022       ;
; Quartus Prime Version           ; 20.1.0 Build 711 06/05/2020 SJ Lite Edition ;
; Revision Name                   ; StackMachine_sim                            ;
; Top-level Entity Name           ; StackMachine_sim                            ;
; Family                          ; Cyclone V                                   ;
; Device                          ; 5CGXFC7C7F23C8                              ;
; Timing Models                   ; Final                                       ;
; Logic utilization (in ALMs)     ; 318 / 56,480 ( < 1 % )                      ;
; Total registers                 ; 213                                         ;
; Total pins                      ; 152 / 268 ( 57 % )                          ;
; Total virtual pins              ; 0                                           ;
; Total block memory bits         ; 131,072 / 7,024,640 ( 2 % )                 ;
; Total DSP Blocks                ; 0 / 156 ( 0 % )                             ;
; Total HSSI RX PCSs              ; 0 / 6 ( 0 % )                               ;
; Total HSSI PMA RX Deserializers ; 0 / 6 ( 0 % )                               ;
; Total HSSI TX PCSs              ; 0 / 6 ( 0 % )                               ;
; Total HSSI PMA TX Serializers   ; 0 / 6 ( 0 % )                               ;
; Total PLLs                      ; 0 / 13 ( 0 % )                              ;
; Total DLLs                      ; 0 / 4 ( 0 % )                               ;
+---------------------------------+---------------------------------------------+


+-----------------------------------------+
; Flow Settings                           ;
+-------------------+---------------------+
; Option            ; Setting             ;
+-------------------+---------------------+
; Start date & time ; 12/05/2022 17:17:48 ;
; Main task         ; Compilation         ;
; Revision Name     ; StackMachine_sim    ;
+-------------------+---------------------+


+-----------------------------------------------------------------------------------------------------------------------------+
; Flow Non-Default Global Settings                                                                                            ;
+-------------------------------------+----------------------------------------+---------------+-------------+----------------+
; Assignment Name                     ; Value                                  ; Default Value ; Entity Name ; Section Id     ;
+-------------------------------------+----------------------------------------+---------------+-------------+----------------+
; COMPILER_SIGNATURE_ID               ; 163683364659812.167027866804640        ; --            ; --          ; --             ;
; FITTER_EFFORT                       ; Standard Fit                           ; Auto Fit      ; --          ; --             ;
; MISC_FILE                           ; RAM.tdf                                ; --            ; --          ; --             ;
; MISC_FILE                           ; RAM.bsf                                ; --            ; --          ; --             ;
; MISC_FILE                           ; RAM.inc                                ; --            ; --          ; --             ;
; MISC_FILE                           ; ROM.tdf                                ; --            ; --          ; --             ;
; MISC_FILE                           ; ROM.bsf                                ; --            ; --          ; --             ;
; MISC_FILE                           ; ROM.inc                                ; --            ; --          ; --             ;
; MISC_FILE                           ; XP16.tdf                               ; --            ; --          ; --             ;
; MISC_FILE                           ; XP16.bsf                               ; --            ; --          ; --             ;
; MISC_FILE                           ; XP16.inc                               ; --            ; --          ; --             ;
; MISC_FILE                           ; FF.tdf                                 ; --            ; --          ; --             ;
; MISC_FILE                           ; FF.bsf                                 ; --            ; --          ; --             ;
; MISC_FILE                           ; FF.inc                                 ; --            ; --          ; --             ;
; MISC_FILE                           ; Mux8.tdf                               ; --            ; --          ; --             ;
; MISC_FILE                           ; Mux8.bsf                               ; --            ; --          ; --             ;
; MISC_FILE                           ; Mux8.inc                               ; --            ; --          ; --             ;
; MISC_FILE                           ; Wire15.tdf                             ; --            ; --          ; --             ;
; MISC_FILE                           ; Wire15.bsf                             ; --            ; --          ; --             ;
; MISC_FILE                           ; Wire15.inc                             ; --            ; --          ; --             ;
; MISC_FILE                           ; StatusFlag.tdf                         ; --            ; --          ; --             ;
; MISC_FILE                           ; StatusFlag.bsf                         ; --            ; --          ; --             ;
; MISC_FILE                           ; StatusFlag.inc                         ; --            ; --          ; --             ;
; MISC_FILE                           ; Shift16.tdf                            ; --            ; --          ; --             ;
; MISC_FILE                           ; Shift16.bsf                            ; --            ; --          ; --             ;
; MISC_FILE                           ; Shift16.inc                            ; --            ; --          ; --             ;
; MISC_FILE                           ; Decode2.tdf                            ; --            ; --          ; --             ;
; MISC_FILE                           ; Decode2.bsf                            ; --            ; --          ; --             ;
; MISC_FILE                           ; Decode2.inc                            ; --            ; --          ; --             ;
; MISC_FILE                           ; MR.tdf                                 ; --            ; --          ; --             ;
; MISC_FILE                           ; MR.bsf                                 ; --            ; --          ; --             ;
; MISC_FILE                           ; MR.inc                                 ; --            ; --          ; --             ;
; MISC_FILE                           ; CodeROM.bsf                            ; --            ; --          ; --             ;
; MISC_FILE                           ; CodeROM_bb.v                           ; --            ; --          ; --             ;
; MISC_FILE                           ; DataRAM.bsf                            ; --            ; --          ; --             ;
; MISC_FILE                           ; DataRAM_bb.v                           ; --            ; --          ; --             ;
; PARTITION_COLOR                     ; -- (Not supported for targeted family) ; --            ; --          ; Top            ;
; PARTITION_FITTER_PRESERVATION_LEVEL ; -- (Not supported for targeted family) ; --            ; --          ; Top            ;
; PARTITION_NETLIST_TYPE              ; -- (Not supported for targeted family) ; --            ; --          ; Top            ;
; STRATIXII_OPTIMIZATION_TECHNIQUE    ; -- (Not supported for targeted family) ; Balanced      ; --          ; --             ;
; USE_GENERATED_PHYSICAL_CONSTRAINTS  ; Off                                    ; --            ; --          ; eda_blast_fpga ;
+-------------------------------------+----------------------------------------+---------------+-------------+----------------+


+--------------------------------------------------------------------------------------------------------------------------+
; Flow Elapsed Time                                                                                                        ;
+----------------------+--------------+-------------------------+---------------------+------------------------------------+
; Module Name          ; Elapsed Time ; Average Processors Used ; Peak Virtual Memory ; Total CPU Time (on all processors) ;
+----------------------+--------------+-------------------------+---------------------+------------------------------------+
; Analysis & Synthesis ; 00:00:27     ; 1.0                     ; 4892 MB             ; 00:00:42                           ;
; Fitter               ; 00:04:05     ; 1.1                     ; 6722 MB             ; 00:04:51                           ;
; Assembler            ; 00:00:17     ; 1.0                     ; 4844 MB             ; 00:00:15                           ;
; Timing Analyzer      ; 00:00:30     ; 1.4                     ; 5270 MB             ; 00:00:28                           ;
; EDA Netlist Writer   ; 00:00:02     ; 1.0                     ; 4722 MB             ; 00:00:02                           ;
; EDA Netlist Writer   ; 00:00:04     ; 1.0                     ; 4732 MB             ; 00:00:03                           ;
; Total                ; 00:05:25     ; --                      ; --                  ; 00:06:21                           ;
+----------------------+--------------+-------------------------+---------------------+------------------------------------+


+------------------------------------------------------------------------------------+
; Flow OS Summary                                                                    ;
+----------------------+------------------+------------+------------+----------------+
; Module Name          ; Machine Hostname ; OS Name    ; OS Version ; Processor type ;
+----------------------+------------------+------------+------------+----------------+
; Analysis & Synthesis ; Simon-Desktop    ; Windows 10 ; 10.0       ; x86_64         ;
; Fitter               ; Simon-Desktop    ; Windows 10 ; 10.0       ; x86_64         ;
; Assembler            ; Simon-Desktop    ; Windows 10 ; 10.0       ; x86_64         ;
; Timing Analyzer      ; Simon-Desktop    ; Windows 10 ; 10.0       ; x86_64         ;
; EDA Netlist Writer   ; Simon-Desktop    ; Windows 10 ; 10.0       ; x86_64         ;
; EDA Netlist Writer   ; Simon-Desktop    ; Windows 10 ; 10.0       ; x86_64         ;
+----------------------+------------------+------------+------------+----------------+


------------
; Flow Log ;
------------
quartus_map --read_settings_files=on --write_settings_files=off StackMachine_sim -c StackMachine_sim
quartus_fit --read_settings_files=off --write_settings_files=off StackMachine_sim -c StackMachine_sim
quartus_asm --read_settings_files=off --write_settings_files=off StackMachine_sim -c StackMachine_sim
quartus_sta StackMachine_sim -c StackMachine_sim
quartus_eda --gen_testbench --tool=modelsim_oem --format=verilog --write_settings_files=off StackMachine_sim -c StackMachine_sim --vector_source="D:/OneDrive - The University of Western Ontario/~School/Western/Year 3 - Computer Engineering/ECE 3389A/Final Project/CPU Design Project/S4 - v2 - Dist/StackMachine_sim.vwf" --testbench_file="D:/OneDrive - The University of Western Ontario/~School/Western/Year 3 - Computer Engineering/ECE 3389A/Final Project/CPU Design Project/S4 - v2 - Dist/simulation/qsim/StackMachine_sim.vwf.vt"
quartus_eda --write_settings_files=off --simulation=on --functional=on --flatten_buses=off --tool=modelsim_oem --format=verilog --output_directory="D:/OneDrive - The University of Western Ontario/~School/Western/Year 3 - Computer Engineering/ECE 3389A/Final Project/CPU Design Project/S4 - v2 - Dist/simulation/qsim/" StackMachine_sim -c StackMachine_sim



